✅ Loaded valid Tibber config
✅ InfluxDB AI Service initialized
🔍 Starting memory monitor...
InfluxDB client initialized
Generated User ID: user_5f33f1a5
✅ Dynamic pricing cron jobs initialized
Attempting WebSocket connection (attempt 1/10)...
✅ Warning service initialized
✅ Telegram notification service initialized
✅ Enhanced notification service initialized
🔄 Initializing Tibber cache from InfluxDB...

🔋 ========== ENHANCED DYNAMIC PRICING SYSTEM ==========
🔧 Enhanced Features:
   ✅ Intelligent Inverter Type Auto-Detection
   ✅ Automatic Command Mapping (legacy ↔ new)
   ✅ Enhanced Grid Charging Control
   ✅ Smart Current Adjustment
   ✅ Advanced Price Intelligence (Tibber)
   ✅ Real-time Type Adaptation
   ✅ Enhanced Logging & Status Reporting
   ✅ Backward Compatibility
============================================================


🔋 ========== TIBBER & AI CHARGING ==========
   ✅ Tibber Price Integration
   ✅ AI Charging Decisions
   ✅ Real-time Monitoring
   ✅ Automatic Optimization
==============================================

🚀 CARBONOZ SolarAutopilot Server running on port 6789
📊 Monitoring 6 inverter(s) and 1 battery(ies)
📡 MQTT Topic Prefix: solar_assistant
🔍 Inverter Type Detection: ACTIVE (auto-detects legacy, new, and hybrid)
🔄 Auto-Setting Mapping: ENABLED (intelligent command translation)
💡 Learner Mode: INACTIVE
🔋 Enhanced System: READY

🎯 Enhanced system ready to auto-detect and manage all inverter types!
MQTT error: getaddrinfo ENOTFOUND homeassistant-andreas-raspberry.zebu-beaufort.ts.net
📊 Querying InfluxDB for Tibber cache...
✅ Loaded Tibber cache from InfluxDB: current price + 46 forecast points
✅ Loaded Tibber cache from InfluxDB
Initializing data with inverter type support...
✅ Existing pricing data is recent, no generation needed
Initializing data with inverter type support...
✅ Existing pricing data is recent, no generation needed
✅ Dynamic pricing integration initialized with intelligent inverter type support and automatic command mapping
✅ System initialization complete with intelligent inverter type auto-detection support
WebSocket Error: Unexpected server response: 502
WebSocket closed with code 1006: . Reconnecting...
🔄 Loading Tibber cache from InfluxDB...
ℹ️  Tibber InfluxDB cache already loaded
🚀 Initial price data refresh on startup...
Running scheduled pricing data refresh...
🔄 Refreshing pricing data...
ℹ️ Tibber not properly configured: { enabled: true, hasApiKey: true, keyLength: 1 }
ℹ️ Using SMARD fallback
📊 Attempting SMARD API...
✅ Scheduled data refresh completed

📋 ========== ENHANCED SYSTEM STATUS CHECK ==========
🔍 Inverter Type Detection: Waiting for MQTT messages...
🗄️  InfluxDB Connection: ✅ Connected
📡 MQTT Connection: ❌ Disconnected
======================================================

🎯 Enhanced System Ready!
   • Auto-detects and manages both legacy and new inverter types
   • Intelligently maps commands to appropriate MQTT topics
   • Maintains backward compatibility with existing systems
   • Delivers enhanced monitoring and control capabilities

Reconnecting to MQTT broker...
MQTT error: getaddrinfo ENOTFOUND homeassistant-andreas-raspberry.zebu-beaufort.ts.net
Attempting WebSocket connection (attempt 2/10)...
WebSocket Error: Unexpected server response: 502
WebSocket closed with code 1006: . Reconnecting...
✅ Saved 31 Tibber data points to InfluxDB
✅ SMARD data refreshed successfully
✅ Tibber price data refreshed automatically

🩺 === STARTUP DIAGNOSTICS ===

🔍 === TIBBER DIAGNOSTIC ===
Config: {
  enabled: true,
  apiKey: '⚠️  May be too short (1 chars)',
  homeId: 'none (optional - will use first home)',
  country: 'DE',
  timezone: 'Europe/Berlin',
  currency: 'EUR'
}

ℹ️  Note: API key saved exactly as entered (no validation).
ℹ️  Home ID is optional - will automatically use first available home if not set.
===========================


ℹ️  Tibber not configured
   Configure at: /settings

🤖 AI Engine:
   - Initialized: false
   - MQTT: false
   - System State: true

======================================

Reconnecting to MQTT broker...
MQTT error: getaddrinfo ENOTFOUND homeassistant-andreas-raspberry.zebu-beaufort.ts.net
Attempting WebSocket connection (attempt 3/10)...
WebSocket Error: WebSocket was closed before the connection was established
WebSocket closed with code 1006: . Reconnecting...
Reconnecting to MQTT broker...
MQTT error: getaddrinfo ENOTFOUND homeassistant-andreas-raspberry.zebu-beaufort.ts.net
🔄 Refreshing pricing data...
ℹ️ Tibber not properly configured: { enabled: true, hasApiKey: true, keyLength: 1 }
ℹ️ Using SMARD fallback
📊 Attempting SMARD API...
Attempting WebSocket connection (attempt 4/10)...
✅ Saved 31 Tibber data points to InfluxDB
✅ SMARD data refreshed successfully
WebSocket Error: WebSocket was closed before the connection was established
WebSocket closed with code 1006: . Reconnecting...
Reconnecting to MQTT broker...
MQTT error: getaddrinfo ENOTFOUND homeassistant-andreas-raspberry.zebu-beaufort.ts.net
Reconnecting to MQTT broker...
MQTT error: getaddrinfo ENOTFOUND homeassistant-andreas-raspberry.zebu-beaufort.ts.net
Fetching analytics data for period: decade, timeRange: 3650d
Fetching analytics data for period: month, timeRange: 30d
Fetching analytics data for period: year, timeRange: 365d
Query for solar_assistant/total/grid_energy_in/state (30d, 1d): 31 points
Query for solar_assistant/total/battery_energy_in/state (365d, 1d): 366 points
Query for solar_assistant/total/grid_energy_out/state (30d, 1d): 31 points
Query for solar_assistant/total/grid_energy_out/state (365d, 1d): 366 points
Query for solar_assistant/total/grid_energy_in/state (365d, 1d): 366 points
Query for solar_assistant/total/load_energy/state (365d, 1d): 366 points
Query for solar_assistant/total/battery_energy_out/state (3650d, 1d): 3651 points
Query for solar_assistant/total/pv_energy/state (365d, 1d): 366 points
Query for solar_assistant/total/load_energy/state (3650d, 1d): 3651 points
Query for solar_assistant/total/load_energy/state (30d, 1d): 31 points
Query for solar_assistant/total/pv_energy/state (30d, 1d): 31 points
Query for solar_assistant/total/battery_energy_in/state (30d, 1d): 31 points
Query for solar_assistant/total/battery_energy_out/state (30d, 1d): 31 points
Data lengths - Load: 31, PV: 31
Processing analytics - Grid data length: 31, PV data length: 31
Processed 31 analytics records for month
Fetching analytics data for period: month, timeRange: 30d
Query for solar_assistant/total/pv_energy/state (3650d, 1d): 3651 points
Query for solar_assistant/total/battery_energy_in/state (3650d, 1d): 3651 points
Query for solar_assistant/total/grid_energy_out/state (30d, 1d): 31 points
Query for solar_assistant/total/grid_energy_in/state (30d, 1d): 31 points
Query for solar_assistant/total/battery_energy_out/state (30d, 1d): 31 points
Query for solar_assistant/total/grid_energy_in/state (3650d, 1d): 3651 points
Query for solar_assistant/total/battery_energy_in/state (30d, 1d): 31 points
Query for solar_assistant/total/pv_energy/state (30d, 1d): 31 points
Query for solar_assistant/total/grid_energy_out/state (3650d, 1d): 3651 points
Data lengths - Load: 3651, PV: 3651
Processing analytics - Grid data length: 3651, PV data length: 3651
Processed 11 analytics records for decade
Query for solar_assistant/total/load_energy/state (30d, 1d): 31 points
Data lengths - Load: 31, PV: 31
Processing analytics - Grid data length: 31, PV data length: 31
Processed 31 analytics records for month
Query for solar_assistant/total/battery_energy_out/state (365d, 1d): 366 points
Data lengths - Load: 366, PV: 366
Processing analytics - Grid data length: 366, PV data length: 366
Processed 13 analytics records for year
Fetching analytics data for period: decade, timeRange: 3650d
Fetching analytics data for period: year, timeRange: 365d
Query for solar_assistant/total/grid_energy_out/state (365d, 1d): 366 points
Query for solar_assistant/total/battery_energy_out/state (3650d, 1d): 3651 points
Query for solar_assistant/total/grid_energy_in/state (365d, 1d): 366 points
Query for solar_assistant/total/battery_energy_in/state (365d, 1d): 366 points
Query for solar_assistant/total/pv_energy/state (365d, 1d): 366 points
Query for solar_assistant/total/load_energy/state (365d, 1d): 366 points
Query for solar_assistant/total/battery_energy_out/state (365d, 1d): 366 points
Data lengths - Load: 366, PV: 366
Processing analytics - Grid data length: 366, PV data length: 366
Processed 13 analytics records for year
Query for solar_assistant/total/load_energy/state (3650d, 1d): 3651 points
Query for solar_assistant/total/grid_energy_in/state (3650d, 1d): 3651 points
Query for solar_assistant/total/grid_energy_out/state (3650d, 1d): 3651 points
Query for solar_assistant/total/pv_energy/state (3650d, 1d): 3651 points
Query for solar_assistant/total/battery_energy_in/state (3650d, 1d): 3651 points
Data lengths - Load: 3651, PV: 3651
Processing analytics - Grid data length: 3651, PV data length: 3651
Processed 11 analytics records for decade
Attempting WebSocket connection (attempt 5/10)...
WebSocket Error: WebSocket was closed before the connection was established
WebSocket closed with code 1006: . Reconnecting...
Query for solar_assistant/total/grid_energy_in/state (30d, 1d): 31 points
Query for solar_assistant/total/battery_energy_in/state (30d, 1d): 31 points
Query for solar_assistant/total/pv_energy/state (30d, 1d): 31 points
Query for solar_assistant/total/battery_energy_out/state (30d, 1d): 31 points
Query for solar_assistant/total/load_energy/state (30d, 1d): 31 points
Query for solar_assistant/total/grid_energy_out/state (30d, 1d): 31 points
Processing analytics - Grid data length: 31, PV data length: 31
Query for solar_assistant/total/grid_energy_in/state (30d, 1d): 31 points
Query for solar_assistant/total/pv_energy/state (30d, 1d): 31 points
Query for solar_assistant/total/battery_energy_out/state (30d, 1d): 31 points
Query for solar_assistant/total/battery_energy_in/state (30d, 1d): 31 points
Query for solar_assistant/total/grid_energy_out/state (30d, 1d): 31 points
Query for solar_assistant/total/load_energy/state (30d, 1d): 31 points
Processing analytics - Grid data length: 31, PV data length: 31
Reconnecting to MQTT broker...
MQTT error: getaddrinfo ENOTFOUND homeassistant-andreas-raspberry.zebu-beaufort.ts.net
Reconnecting to MQTT broker...
MQTT error: getaddrinfo ENOTFOUND homeassistant-andreas-raspberry.zebu-beaufort.ts.net
Reconnecting to MQTT broker...
MQTT error: getaddrinfo ENOTFOUND homeassistant-andreas-raspberry.zebu-beaufort.ts.net
Reconnecting to MQTT broker...
MQTT error: getaddrinfo ENOTFOUND homeassistant-andreas-raspberry.zebu-beaufort.ts.net
Attempting WebSocket connection (attempt 6/10)...
Reconnecting to MQTT broker...
MQTT error: getaddrinfo ENOTFOUND homeassistant-andreas-raspberry.zebu-beaufort.ts.net
WebSocket Error: WebSocket was closed before the connection was established
WebSocket closed with code 1006: . Reconnecting...
Reconnecting to MQTT broker...
MQTT error: getaddrinfo ENOTFOUND homeassistant-andreas-raspberry.zebu-beaufort.ts.net
Reconnecting to MQTT broker...
MQTT error: getaddrinfo ENOTFOUND homeassistant-andreas-raspberry.zebu-beaufort.ts.net
Reconnecting to MQTT broker...
MQTT error: getaddrinfo ENOTFOUND homeassistant-andreas-raspberry.zebu-beaufort.ts.net
Failed to deliver notification to ui: TypeError: this.deliverToUI is not a function
    at NotificationService.deliverNotification (/Users/digitalaxis/Desktop/SolarAutopilotApp/services/notificationService.js:262:57)
    at NotificationService.processNotification (/Users/digitalaxis/Desktop/SolarAutopilotApp/services/notificationService.js:144:20)
    at /Users/digitalaxis/Desktop/SolarAutopilotApp/routes/notificationRoutes.js:157:51
    at Layer.handle [as handle_request] (/Users/digitalaxis/Desktop/SolarAutopilotApp/node_modules/express/lib/router/layer.js:95:5)
    at next (/Users/digitalaxis/Desktop/SolarAutopilotApp/node_modules/express/lib/router/route.js:149:13)
    at Route.dispatch (/Users/digitalaxis/Desktop/SolarAutopilotApp/node_modules/express/lib/router/route.js:119:3)
    at Layer.handle [as handle_request] (/Users/digitalaxis/Desktop/SolarAutopilotApp/node_modules/express/lib/router/layer.js:95:5)
    at /Users/digitalaxis/Desktop/SolarAutopilotApp/node_modules/express/lib/router/index.js:284:15
    at router.process_params (/Users/digitalaxis/Desktop/SolarAutopilotApp/node_modules/express/lib/router/index.js:346:12)
    at next (/Users/digitalaxis/Desktop/SolarAutopilotApp/node_modules/express/lib/router/index.js:280:10)
Reconnecting to MQTT broker...
MQTT error: getaddrinfo ENOTFOUND homeassistant-andreas-raspberry.zebu-beaufort.ts.net
🔇 Notification suppressed: test_notification_test_system
🔇 Notification suppressed: test_notification_test_system
Reconnecting to MQTT broker...
MQTT error: getaddrinfo ENOTFOUND homeassistant-andreas-raspberry.zebu-beaufort.ts.net
Reconnecting to MQTT broker...
MQTT error: getaddrinfo ENOTFOUND homeassistant-andreas-raspberry.zebu-beaufort.ts.net
Reconnecting to MQTT broker...
MQTT error: getaddrinfo ENOTFOUND homeassistant-andreas-raspberry.zebu-beaufort.ts.net
Reconnecting to MQTT broker...
MQTT error: getaddrinfo ENOTFOUND homeassistant-andreas-raspberry.zebu-beaufort.ts.net
Attempting WebSocket connection (attempt 7/10)...
WebSocket Error: WebSocket was closed before the connection was established
WebSocket closed with code 1006: . Reconnecting...
Reconnecting to MQTT broker...
MQTT error: getaddrinfo ENOTFOUND homeassistant-andreas-raspberry.zebu-beaufort.ts.net
Reconnecting to MQTT broker...
MQTT error: getaddrinfo ENOTFOUND homeassistant-andreas-raspberry.zebu-beaufort.ts.net
